 
****************************************
Report : area
Design : fpnew_top
Version: S-2021.06-SP4
Date   : Sun Dec  3 20:19:42 2023
****************************************

Library(s) Used:

    NangateOpenCellLibrary (File: /eda/dk/nangate45/synopsys/NangateOpenCellLibrary_typical_ecsm_nowlm.db)

Number of ports:                          462
Number of nets:                          3244
Number of cells:                         2773
Number of combinational cells:           2500
Number of sequential cells:               255
Number of macros/black boxes:               0
Number of buf/inv:                        579
Number of references:                      45

Combinational area:               2804.437994
Buf/Inv area:                      337.554001
Noncombinational area:            1356.600044
Macro/Black Box area:                0.000000
Net Interconnect area:      undefined  (Wire load has zero net area)

Total cell area:                  4161.038037
Total area:                 undefined
1
