 
****************************************
Report : area
Design : fpnew_top
Version: S-2021.06-SP4
Date   : Tue Dec 19 19:39:09 2023
****************************************

Library(s) Used:

    NangateOpenCellLibrary (File: /eda/dk/nangate45/synopsys/NangateOpenCellLibrary_typical_ecsm_nowlm.db)

Number of ports:                           96
Number of nets:                          3455
Number of cells:                         3234
Number of combinational cells:           3100
Number of sequential cells:               133
Number of macros/black boxes:               0
Number of buf/inv:                        502
Number of references:                      44

Combinational area:               3306.645996
Buf/Inv area:                      285.418001
Noncombinational area:             707.560023
Macro/Black Box area:                0.000000
Net Interconnect area:      undefined  (Wire load has zero net area)

Total cell area:                  4014.206019
Total area:                 undefined
1
