Information: Updating design information... (UID-85)
 
****************************************
Report : timing
        -path full
        -delay max
        -max_paths 1
Design : fpnew_top
Version: S-2021.06-SP4
Date   : Thu Nov 30 20:29:24 2023
****************************************

Operating Conditions: typical   Library: NangateOpenCellLibrary
Wire Load Model Mode: top

  Startpoint: gen_operation_groups[0].i_opgroup_block/gen_parallel_slices[2].active_format.i_fmt_slice/gen_num_lanes[0].active_lane.lane_instance.i_fma/CLK_SYS_r_REG59_S2
              (rising edge-triggered flip-flop clocked by CLK_SYS)
  Endpoint: status_o[UF]
            (output port clocked by CLK_SYS)
  Path Group: CLK_SYS
  Path Type: max

  Des/Clust/Port     Wire Load Model       Library
  ------------------------------------------------
  fpnew_top          5K_hvratio_1_1        NangateOpenCellLibrary

  Point                                                   Incr       Path
  --------------------------------------------------------------------------
  clock CLK_SYS (rise edge)                               0.00       0.00
  clock network delay (ideal)                             0.00       0.00
  gen_operation_groups[0].i_opgroup_block/gen_parallel_slices[2].active_format.i_fmt_slice/gen_num_lanes[0].active_lane.lane_instance.i_fma/CLK_SYS_r_REG59_S2/CK (DFFS_X1)
                                                          0.00       0.00 r
  gen_operation_groups[0].i_opgroup_block/gen_parallel_slices[2].active_format.i_fmt_slice/gen_num_lanes[0].active_lane.lane_instance.i_fma/CLK_SYS_r_REG59_S2/Q (DFFS_X1)
                                                          0.11       0.11 r
  gen_operation_groups[0].i_opgroup_block/gen_parallel_slices[2].active_format.i_fmt_slice/gen_num_lanes[0].active_lane.lane_instance.i_fma/U620/ZN (NAND2_X1)
                                                          0.04       0.15 f
  gen_operation_groups[0].i_opgroup_block/gen_parallel_slices[2].active_format.i_fmt_slice/gen_num_lanes[0].active_lane.lane_instance.i_fma/U236/ZN (OR2_X2)
                                                          0.06       0.21 f
  gen_operation_groups[0].i_opgroup_block/gen_parallel_slices[2].active_format.i_fmt_slice/gen_num_lanes[0].active_lane.lane_instance.i_fma/U623/ZN (AND3_X1)
                                                          0.04       0.25 f
  gen_operation_groups[0].i_opgroup_block/gen_parallel_slices[2].active_format.i_fmt_slice/gen_num_lanes[0].active_lane.lane_instance.i_fma/U199/ZN (AND2_X1)
                                                          0.05       0.30 f
  gen_operation_groups[0].i_opgroup_block/gen_parallel_slices[2].active_format.i_fmt_slice/gen_num_lanes[0].active_lane.lane_instance.i_fma/U1013/ZN (AOI22_X1)
                                                          0.06       0.36 r
  gen_operation_groups[0].i_opgroup_block/gen_parallel_slices[2].active_format.i_fmt_slice/gen_num_lanes[0].active_lane.lane_instance.i_fma/U1014/ZN (OAI221_X1)
                                                          0.05       0.41 f
  gen_operation_groups[0].i_opgroup_block/gen_parallel_slices[2].active_format.i_fmt_slice/gen_num_lanes[0].active_lane.lane_instance.i_fma/U137/ZN (AND2_X1)
                                                          0.04       0.45 f
  gen_operation_groups[0].i_opgroup_block/gen_parallel_slices[2].active_format.i_fmt_slice/gen_num_lanes[0].active_lane.lane_instance.i_fma/U639/ZN (OR2_X1)
                                                          0.06       0.51 f
  gen_operation_groups[0].i_opgroup_block/gen_parallel_slices[2].active_format.i_fmt_slice/gen_num_lanes[0].active_lane.lane_instance.i_fma/U913/ZN (OAI22_X1)
                                                          0.06       0.57 r
  gen_operation_groups[0].i_opgroup_block/gen_parallel_slices[2].active_format.i_fmt_slice/gen_num_lanes[0].active_lane.lane_instance.i_fma/U11/ZN (AOI221_X2)
                                                          0.05       0.62 f
  gen_operation_groups[0].i_opgroup_block/gen_parallel_slices[2].active_format.i_fmt_slice/gen_num_lanes[0].active_lane.lane_instance.i_fma/U58/ZN (OR2_X1)
                                                          0.07       0.70 f
  gen_operation_groups[0].i_opgroup_block/gen_parallel_slices[2].active_format.i_fmt_slice/gen_num_lanes[0].active_lane.lane_instance.i_fma/U257/ZN (NOR2_X1)
                                                          0.04       0.74 r
  gen_operation_groups[0].i_opgroup_block/gen_parallel_slices[2].active_format.i_fmt_slice/gen_num_lanes[0].active_lane.lane_instance.i_fma/U1125/ZN (OAI222_X1)
                                                          0.04       0.78 f
  gen_operation_groups[0].i_opgroup_block/gen_parallel_slices[2].active_format.i_fmt_slice/gen_num_lanes[0].active_lane.lane_instance.i_fma/U849/ZN (INV_X1)
                                                          0.03       0.81 r
  gen_operation_groups[0].i_opgroup_block/gen_parallel_slices[2].active_format.i_fmt_slice/gen_num_lanes[0].active_lane.lane_instance.i_fma/U147/ZN (AND3_X2)
                                                          0.05       0.86 r
  gen_operation_groups[0].i_opgroup_block/gen_parallel_slices[2].active_format.i_fmt_slice/gen_num_lanes[0].active_lane.lane_instance.i_fma/U172/ZN (OAI221_X1)
                                                          0.05       0.91 f
  gen_operation_groups[0].i_opgroup_block/gen_parallel_slices[2].active_format.i_fmt_slice/gen_num_lanes[0].active_lane.lane_instance.i_fma/U207/ZN (NAND2_X1)
                                                          0.04       0.96 r
  gen_operation_groups[0].i_opgroup_block/gen_parallel_slices[2].active_format.i_fmt_slice/gen_num_lanes[0].active_lane.lane_instance.i_fma/i_fpnew_rounding/round_sticky_bits_i[0] (fpnew_rounding_0000000f)
                                                          0.00       0.96 r
  gen_operation_groups[0].i_opgroup_block/gen_parallel_slices[2].active_format.i_fmt_slice/gen_num_lanes[0].active_lane.lane_instance.i_fma/i_fpnew_rounding/U38/ZN (OR2_X1)
                                                          0.04       1.00 r
  gen_operation_groups[0].i_opgroup_block/gen_parallel_slices[2].active_format.i_fmt_slice/gen_num_lanes[0].active_lane.lane_instance.i_fma/i_fpnew_rounding/U70/ZN (NAND2_X1)
                                                          0.03       1.02 f
  gen_operation_groups[0].i_opgroup_block/gen_parallel_slices[2].active_format.i_fmt_slice/gen_num_lanes[0].active_lane.lane_instance.i_fma/i_fpnew_rounding/U86/ZN (OAI33_X1)
                                                          0.08       1.10 r
  gen_operation_groups[0].i_opgroup_block/gen_parallel_slices[2].active_format.i_fmt_slice/gen_num_lanes[0].active_lane.lane_instance.i_fma/i_fpnew_rounding/U87/ZN (OAI21_X1)
                                                          0.03       1.13 f
  gen_operation_groups[0].i_opgroup_block/gen_parallel_slices[2].active_format.i_fmt_slice/gen_num_lanes[0].active_lane.lane_instance.i_fma/i_fpnew_rounding/U88/ZN (INV_X1)
                                                          0.04       1.17 r
  gen_operation_groups[0].i_opgroup_block/gen_parallel_slices[2].active_format.i_fmt_slice/gen_num_lanes[0].active_lane.lane_instance.i_fma/i_fpnew_rounding/U4/ZN (AND2_X2)
                                                          0.05       1.23 r
  gen_operation_groups[0].i_opgroup_block/gen_parallel_slices[2].active_format.i_fmt_slice/gen_num_lanes[0].active_lane.lane_instance.i_fma/i_fpnew_rounding/U32/ZN (NAND2_X1)
                                                          0.03       1.26 f
  gen_operation_groups[0].i_opgroup_block/gen_parallel_slices[2].active_format.i_fmt_slice/gen_num_lanes[0].active_lane.lane_instance.i_fma/i_fpnew_rounding/U40/ZN (XNOR2_X1)
                                                          0.05       1.31 r
  gen_operation_groups[0].i_opgroup_block/gen_parallel_slices[2].active_format.i_fmt_slice/gen_num_lanes[0].active_lane.lane_instance.i_fma/i_fpnew_rounding/abs_rounded_o[12] (fpnew_rounding_0000000f)
                                                          0.00       1.31 r
  gen_operation_groups[0].i_opgroup_block/gen_parallel_slices[2].active_format.i_fmt_slice/gen_num_lanes[0].active_lane.lane_instance.i_fma/U1256/ZN (NAND4_X1)
                                                          0.04       1.35 f
  gen_operation_groups[0].i_opgroup_block/gen_parallel_slices[2].active_format.i_fmt_slice/gen_num_lanes[0].active_lane.lane_instance.i_fma/U1258/ZN (OAI21_X1)
                                                          0.04       1.39 r
  gen_operation_groups[0].i_opgroup_block/gen_parallel_slices[2].active_format.i_fmt_slice/gen_num_lanes[0].active_lane.lane_instance.i_fma/U1259/ZN (NAND2_X1)
                                                          0.03       1.42 f
  gen_operation_groups[0].i_opgroup_block/gen_parallel_slices[2].active_format.i_fmt_slice/gen_num_lanes[0].active_lane.lane_instance.i_fma/U197/ZN (NAND2_X1)
                                                          0.03       1.45 r
  gen_operation_groups[0].i_opgroup_block/gen_parallel_slices[2].active_format.i_fmt_slice/gen_num_lanes[0].active_lane.lane_instance.i_fma/U196/ZN (AND2_X1)
                                                          0.04       1.49 r
  gen_operation_groups[0].i_opgroup_block/gen_parallel_slices[2].active_format.i_fmt_slice/gen_num_lanes[0].active_lane.lane_instance.i_fma/status_o[UF] (fpnew_fma_2_00000002_3__logic_Z_1yB___logic_Z_1yB_)
                                                          0.00       1.49 r
  gen_operation_groups[0].i_opgroup_block/gen_parallel_slices[2].active_format.i_fmt_slice/U5/ZN (AND2_X1)
                                                          0.04       1.53 r
  gen_operation_groups[0].i_opgroup_block/gen_parallel_slices[2].active_format.i_fmt_slice/status_o[UF] (fpnew_opgroup_fmt_slice_0_2_00000010_0_00000002_3__logic_Z_1yB_)
                                                          0.00       1.53 r
  gen_operation_groups[0].i_opgroup_block/i_arbiter/data_i[2][status][UF] (rr_arb_tree_00000005_1_346242)
                                                          0.00       1.53 r
  gen_operation_groups[0].i_opgroup_block/i_arbiter/U24/ZN (AND2_X1)
                                                          0.04       1.56 r
  gen_operation_groups[0].i_opgroup_block/i_arbiter/data_o[status][UF] (rr_arb_tree_00000005_1_346242)
                                                          0.00       1.56 r
  gen_operation_groups[0].i_opgroup_block/status_o[UF] (fpnew_opgroup_block_0_00000010_0_04_4_155_3__logic_Z_1yB__395949)
                                                          0.00       1.56 r
  i_arbiter/data_i[0][status][UF] (rr_arb_tree_00000004_1_200242)
                                                          0.00       1.56 r
  i_arbiter/U7/ZN (AND2_X1)                               0.04       1.61 r
  i_arbiter/data_o[status][UF] (rr_arb_tree_00000004_1_200242)
                                                          0.00       1.61 r
  status_o[UF] (out)                                      0.02       1.63 r
  data arrival time                                                  1.63

  clock CLK_SYS (rise edge)                               2.20       2.20
  clock network delay (ideal)                             0.00       2.20
  clock uncertainty                                      -0.07       2.13
  output external delay                                  -0.50       1.63
  data required time                                                 1.63
  --------------------------------------------------------------------------
  data required time                                                 1.63
  data arrival time                                                 -1.63
  --------------------------------------------------------------------------
  slack (MET)                                                        0.00


1
