 
****************************************
Report : area
Design : fpnew_top
Version: S-2021.06-SP4
Date   : Sun Dec  3 19:31:27 2023
****************************************

Library(s) Used:

    NangateOpenCellLibrary (File: /eda/dk/nangate45/synopsys/NangateOpenCellLibrary_typical_ecsm_nowlm.db)

Number of ports:                          524
Number of nets:                          3203
Number of cells:                         2642
Number of combinational cells:           2362
Number of sequential cells:               258
Number of macros/black boxes:               0
Number of buf/inv:                        564
Number of references:                      48

Combinational area:               2732.351994
Buf/Inv area:                      321.860001
Noncombinational area:            1372.560044
Macro/Black Box area:                0.000000
Net Interconnect area:      undefined  (Wire load has zero net area)

Total cell area:                  4104.912038
Total area:                 undefined
1
