 
****************************************
Report : resources
Design : fpnew_top
Version: S-2021.06-SP4
Date   : Sun Dec  3 19:31:28 2023
****************************************

Resource Sharing Report for design fpnew_top in file ../src/fpnew_top.sv

===============================================================================
|          |              |            | Contained     |                      |
| Resource | Module       | Parameters | Resources     | Contained Operations |
===============================================================================
| r428     | DW01_cmp2    | width=3    |               | gen_operation_groups[0].i_opgroup_block/i_arbiter/gt_208_G4 |
|               |                      |
|          |              |            |               | gen_operation_groups[0].i_opgroup_block/i_arbiter/lte_209_G4 |
| r429     | DW01_cmp2    | width=3    |               | gen_operation_groups[1].i_opgroup_block/i_arbiter/gt_208_G4 |
|               |                      |
|          |              |            |               | gen_operation_groups[1].i_opgroup_block/i_arbiter/lte_209_G4 |
| r430     | DW01_cmp2    | width=3    |               | gen_operation_groups[2].i_opgroup_block/i_arbiter/gt_208_G4 |
|               |                      |
|          |              |            |               | gen_operation_groups[2].i_opgroup_block/i_arbiter/lte_209_G4 |
| r431     | DW01_cmp2    | width=3    |               | gen_operation_groups[3].i_opgroup_block/i_arbiter/gt_208_G4 |
|               |                      |
|          |              |            |               | gen_operation_groups[3].i_opgroup_block/i_arbiter/lte_209_G4 |
| r432     | DW01_cmp2    | width=2    |               | i_arbiter/gt_208_G4  |
|          |              |            |               | i_arbiter/lte_209_G4 |
| r462     | DW01_add     | width=7    |               | gen_operation_groups[0].i_opgroup_block/gen_parallel_slices[2].active_format.i_fmt_slice/gen_num_lanes[0].active_lane.lane_instance.i_fma/add_285 |
| r470     | DW01_sub     | width=7    |               | gen_operation_groups[0].i_opgroup_block/gen_parallel_slices[2].active_format.i_fmt_slice/gen_num_lanes[0].active_lane.lane_instance.i_fma/sub_293 |
| r472     | DW_cmp       | width=7    |               | gen_operation_groups[0].i_opgroup_block/gen_parallel_slices[2].active_format.i_fmt_slice/gen_num_lanes[0].active_lane.lane_instance.i_fma/gt_295 |
| r474     | DW_cmp       | width=7    |               | gen_operation_groups[0].i_opgroup_block/gen_parallel_slices[2].active_format.i_fmt_slice/gen_num_lanes[0].active_lane.lane_instance.i_fma/lte_302 |
| r476     | DW_cmp       | width=7    |               | gen_operation_groups[0].i_opgroup_block/gen_parallel_slices[2].active_format.i_fmt_slice/gen_num_lanes[0].active_lane.lane_instance.i_fma/lte_305 |
| r478     | DW01_sub     | width=6    |               | gen_operation_groups[0].i_opgroup_block/gen_parallel_slices[2].active_format.i_fmt_slice/gen_num_lanes[0].active_lane.lane_instance.i_fma/sub_306 |
| r480     | DW02_mult    | A_width=11 |               | gen_operation_groups[0].i_opgroup_block/gen_parallel_slices[2].active_format.i_fmt_slice/gen_num_lanes[0].active_lane.lane_instance.i_fma/mult_325 |
|
|          |              | B_width=11 |               |                      |
| r482     | DW_rightsh   | A_width=48 |               | gen_operation_groups[0].i_opgroup_block/gen_parallel_slices[2].active_format.i_fmt_slice/gen_num_lanes[0].active_lane.lane_instance.i_fma/srl_349 |
|
|          |              | SH_width=6 |               |                      |
| r484     | DW01_add     | width=38   |               | add_1_root_gen_operation_groups[0].i_opgroup_block/gen_parallel_slices[2].active_format.i_fmt_slice/gen_num_lanes[0].active_lane.lane_instance.i_fma/add_368_2 |
| r486     | DW01_sub     | width=37   |               | gen_operation_groups[0].i_opgroup_block/gen_parallel_slices[2].active_format.i_fmt_slice/gen_num_lanes[0].active_lane.lane_instance.i_fma/sub_372 |
| r488     | DW_cmp       | width=7    |               | gen_operation_groups[0].i_opgroup_block/gen_parallel_slices[2].active_format.i_fmt_slice/gen_num_lanes[0].active_lane.lane_instance.i_fma/lte_510 |
| r490     | DW_cmp       | width=7    |               | gen_operation_groups[0].i_opgroup_block/gen_parallel_slices[2].active_format.i_fmt_slice/gen_num_lanes[0].active_lane.lane_instance.i_fma/lte_510_2 |
| r496     | DW_cmp       | width=9    |               | gen_operation_groups[0].i_opgroup_block/gen_parallel_slices[2].active_format.i_fmt_slice/gen_num_lanes[0].active_lane.lane_instance.i_fma/gte_512 |
| r498     | DW01_add     | width=6    |               | gen_operation_groups[0].i_opgroup_block/gen_parallel_slices[2].active_format.i_fmt_slice/gen_num_lanes[0].active_lane.lane_instance.i_fma/add_514 |
| r504     | DW01_add     | width=6    |               | gen_operation_groups[0].i_opgroup_block/gen_parallel_slices[2].active_format.i_fmt_slice/gen_num_lanes[0].active_lane.lane_instance.i_fma/add_519 |
| r506     | DW_leftsh    | A_width=38 |               | gen_operation_groups[0].i_opgroup_block/gen_parallel_slices[2].active_format.i_fmt_slice/gen_num_lanes[0].active_lane.lane_instance.i_fma/sll_530 |
|
|          |              | SH_width=6 |               |                      |
| r508     | DW_cmp       | width=7    |               | gen_operation_groups[0].i_opgroup_block/gen_parallel_slices[2].active_format.i_fmt_slice/gen_num_lanes[0].active_lane.lane_instance.i_fma/gt_547 |
| r510     | DW01_inc     | width=7    |               | gen_operation_groups[0].i_opgroup_block/gen_parallel_slices[2].active_format.i_fmt_slice/gen_num_lanes[0].active_lane.lane_instance.i_fma/add_542 |
| r512     | DW01_dec     | width=7    |               | gen_operation_groups[0].i_opgroup_block/gen_parallel_slices[2].active_format.i_fmt_slice/gen_num_lanes[0].active_lane.lane_instance.i_fma/sub_549 |
| r514     | DW_cmp       | width=7    |               | gen_operation_groups[0].i_opgroup_block/gen_parallel_slices[2].active_format.i_fmt_slice/gen_num_lanes[0].active_lane.lane_instance.i_fma/gte_576 |
| r516     | DW01_add     | width=15   |               | gen_operation_groups[0].i_opgroup_block/gen_parallel_slices[2].active_format.i_fmt_slice/gen_num_lanes[0].active_lane.lane_instance.i_fma/i_fpnew_rounding/add_63 |
| r1244    | DW01_add     | width=7    |               | add_1_root_add_1_root_gen_operation_groups[0].i_opgroup_block/gen_parallel_slices[2].active_format.i_fmt_slice/gen_num_lanes[0].active_lane.lane_instance.i_fma/sub_287 |
| r1246    | DW01_sub     | width=7    |               | sub_2_root_add_1_root_gen_operation_groups[0].i_opgroup_block/gen_parallel_slices[2].active_format.i_fmt_slice/gen_num_lanes[0].active_lane.lane_instance.i_fma/sub_287 |
| r1248    | DW01_add     | width=7    |               | add_0_root_add_1_root_gen_operation_groups[0].i_opgroup_block/gen_parallel_slices[2].active_format.i_fmt_slice/gen_num_lanes[0].active_lane.lane_instance.i_fma/sub_287 |
| r1968    | DW01_sub     | width=8    |               | sub_1_root_gen_operation_groups[0].i_opgroup_block/gen_parallel_slices[2].active_format.i_fmt_slice/gen_num_lanes[0].active_lane.lane_instance.i_fma/add_512 |
| r1970    | DW01_inc     | width=9    |               | add_0_root_gen_operation_groups[0].i_opgroup_block/gen_parallel_slices[2].active_format.i_fmt_slice/gen_num_lanes[0].active_lane.lane_instance.i_fma/add_512 |
| r2690    | DW01_sub     | width=7    |               | sub_1_root_gen_operation_groups[0].i_opgroup_block/gen_parallel_slices[2].active_format.i_fmt_slice/gen_num_lanes[0].active_lane.lane_instance.i_fma/add_515 |
| r2692    | DW01_inc     | width=7    |               | add_0_root_gen_operation_groups[0].i_opgroup_block/gen_parallel_slices[2].active_format.i_fmt_slice/gen_num_lanes[0].active_lane.lane_instance.i_fma/add_515 |
===============================================================================


Implementation Report
===============================================================================
|                    |                  | Current            | Set            |
| Cell               | Module           | Implementation     | Implementation |
===============================================================================
| sub_1_root_gen_operation_groups[0].i_opgroup_block/gen_parallel_slices[2].active_format.i_fmt_slice/gen_num_lanes[0].active_lane.lane_instance.i_fma/add_515 |
|                    | DW01_sub         | pparch (speed)     |                |
| sub_1_root_gen_operation_groups[0].i_opgroup_block/gen_parallel_slices[2].active_format.i_fmt_slice/gen_num_lanes[0].active_lane.lane_instance.i_fma/add_512 |
|                    | DW01_sub         | pparch (area,speed)                 |
| gen_operation_groups[0].i_opgroup_block/gen_parallel_slices[2].active_format.i_fmt_slice/gen_num_lanes[0].active_lane.lane_instance.i_fma/sub_372 |
|                    | DW01_sub         | pparch (speed)     |                |
| add_1_root_gen_operation_groups[0].i_opgroup_block/gen_parallel_slices[2].active_format.i_fmt_slice/gen_num_lanes[0].active_lane.lane_instance.i_fma/add_368_2 |
|                    | DW01_add         | pparch (speed)     |                |
| gen_operation_groups[0].i_opgroup_block/gen_parallel_slices[2].active_format.i_fmt_slice/gen_num_lanes[0].active_lane.lane_instance.i_fma/sub_293 |
|                    | DW01_sub         | pparch (area,speed)                 |
| gen_operation_groups[0].i_opgroup_block/gen_parallel_slices[2].active_format.i_fmt_slice/gen_num_lanes[0].active_lane.lane_instance.i_fma/mult_325 |
|                    | DW02_mult        | csa                | csa            |
| gen_operation_groups[0].i_opgroup_block/gen_parallel_slices[2].active_format.i_fmt_slice/gen_num_lanes[0].active_lane.lane_instance.i_fma/add_542 |
|                    | DW01_inc         | rpl                |                |
===============================================================================

1
