 
****************************************
Report : area
Design : fpnew_top
Version: S-2021.06-SP4
Date   : Mon Nov 27 18:49:52 2023
****************************************

Library(s) Used:

    NangateOpenCellLibrary (File: /eda/dk/nangate45/synopsys/NangateOpenCellLibrary_typical_ecsm_nowlm.db)

Number of ports:                         2054
Number of nets:                          5091
Number of cells:                         3263
Number of combinational cells:           3036
Number of sequential cells:               158
Number of macros/black boxes:               0
Number of buf/inv:                        686
Number of references:                      15

Combinational area:               3503.220004
Buf/Inv area:                      408.576000
Noncombinational area:             843.220027
Macro/Black Box area:                0.000000
Net Interconnect area:      undefined  (Wire load has zero net area)

Total cell area:                  4346.440031
Total area:                 undefined
1
