Information: Updating design information... (UID-85)
 
****************************************
Report : timing
        -path full
        -delay max
        -max_paths 1
Design : fpnew_top
Version: S-2021.06-SP4
Date   : Mon Nov 27 18:49:49 2023
****************************************

Operating Conditions: typical   Library: NangateOpenCellLibrary
Wire Load Model Mode: top

  Startpoint: gen_operation_groups[0].i_opgroup_block/gen_parallel_slices[2].active_format.i_fmt_slice/gen_num_lanes[0].active_lane.lane_instance.i_fma/mid_pipe_sum_q_reg[1][16]
              (rising edge-triggered flip-flop clocked by CLK_SYS)
  Endpoint: status_o[UF]
            (output port clocked by CLK_SYS)
  Path Group: CLK_SYS
  Path Type: max

  Des/Clust/Port     Wire Load Model       Library
  ------------------------------------------------
  fpnew_top          5K_hvratio_1_1        NangateOpenCellLibrary

  Point                                                   Incr       Path
  --------------------------------------------------------------------------
  clock CLK_SYS (rise edge)                               0.00       0.00
  clock network delay (ideal)                             0.00       0.00
  gen_operation_groups[0].i_opgroup_block/gen_parallel_slices[2].active_format.i_fmt_slice/gen_num_lanes[0].active_lane.lane_instance.i_fma/mid_pipe_sum_q_reg[1][16]/CK (DFFR_X1)
                                                          0.00       0.00 r
  gen_operation_groups[0].i_opgroup_block/gen_parallel_slices[2].active_format.i_fmt_slice/gen_num_lanes[0].active_lane.lane_instance.i_fma/mid_pipe_sum_q_reg[1][16]/Q (DFFR_X1)
                                                          0.10       0.10 f
  gen_operation_groups[0].i_opgroup_block/gen_parallel_slices[2].active_format.i_fmt_slice/gen_num_lanes[0].active_lane.lane_instance.i_fma/i_lzc/in_i[16] (lzc_00000019_1)
                                                          0.00       0.10 f
  gen_operation_groups[0].i_opgroup_block/gen_parallel_slices[2].active_format.i_fmt_slice/gen_num_lanes[0].active_lane.lane_instance.i_fma/i_lzc/U26/ZN (OR4_X2)
                                                          0.12       0.22 f
  gen_operation_groups[0].i_opgroup_block/gen_parallel_slices[2].active_format.i_fmt_slice/gen_num_lanes[0].active_lane.lane_instance.i_fma/i_lzc/U39/ZN (OR2_X1)
                                                          0.06       0.28 f
  gen_operation_groups[0].i_opgroup_block/gen_parallel_slices[2].active_format.i_fmt_slice/gen_num_lanes[0].active_lane.lane_instance.i_fma/i_lzc/U31/ZN (OR2_X1)
                                                          0.05       0.33 f
  gen_operation_groups[0].i_opgroup_block/gen_parallel_slices[2].active_format.i_fmt_slice/gen_num_lanes[0].active_lane.lane_instance.i_fma/i_lzc/U74/ZN (OAI22_X1)
                                                          0.04       0.37 r
  gen_operation_groups[0].i_opgroup_block/gen_parallel_slices[2].active_format.i_fmt_slice/gen_num_lanes[0].active_lane.lane_instance.i_fma/i_lzc/U10/ZN (NOR3_X1)
                                                          0.03       0.39 f
  gen_operation_groups[0].i_opgroup_block/gen_parallel_slices[2].active_format.i_fmt_slice/gen_num_lanes[0].active_lane.lane_instance.i_fma/i_lzc/U21/ZN (OAI222_X1)
                                                          0.07       0.46 r
  gen_operation_groups[0].i_opgroup_block/gen_parallel_slices[2].active_format.i_fmt_slice/gen_num_lanes[0].active_lane.lane_instance.i_fma/i_lzc/cnt_o[1] (lzc_00000019_1)
                                                          0.00       0.46 r
  gen_operation_groups[0].i_opgroup_block/gen_parallel_slices[2].active_format.i_fmt_slice/gen_num_lanes[0].active_lane.lane_instance.i_fma/sub_1_root_add_512/B[1] (fpnew_fma_2_00000002_3__logic_Z_1yB___logic_Z_1yB__DW01_sub_4)
                                                          0.00       0.46 r
  gen_operation_groups[0].i_opgroup_block/gen_parallel_slices[2].active_format.i_fmt_slice/gen_num_lanes[0].active_lane.lane_instance.i_fma/sub_1_root_add_512/U34/ZN (INV_X1)
                                                          0.04       0.50 f
  gen_operation_groups[0].i_opgroup_block/gen_parallel_slices[2].active_format.i_fmt_slice/gen_num_lanes[0].active_lane.lane_instance.i_fma/sub_1_root_add_512/U17/ZN (NAND2_X1)
                                                          0.03       0.53 r
  gen_operation_groups[0].i_opgroup_block/gen_parallel_slices[2].active_format.i_fmt_slice/gen_num_lanes[0].active_lane.lane_instance.i_fma/sub_1_root_add_512/U18/ZN (NAND3_X1)
                                                          0.04       0.57 f
  gen_operation_groups[0].i_opgroup_block/gen_parallel_slices[2].active_format.i_fmt_slice/gen_num_lanes[0].active_lane.lane_instance.i_fma/sub_1_root_add_512/U2_2/CO (FA_X1)
                                                          0.10       0.67 f
  gen_operation_groups[0].i_opgroup_block/gen_parallel_slices[2].active_format.i_fmt_slice/gen_num_lanes[0].active_lane.lane_instance.i_fma/sub_1_root_add_512/U23/ZN (NAND2_X1)
                                                          0.04       0.71 r
  gen_operation_groups[0].i_opgroup_block/gen_parallel_slices[2].active_format.i_fmt_slice/gen_num_lanes[0].active_lane.lane_instance.i_fma/sub_1_root_add_512/U10/ZN (NAND3_X1)
                                                          0.04       0.75 f
  gen_operation_groups[0].i_opgroup_block/gen_parallel_slices[2].active_format.i_fmt_slice/gen_num_lanes[0].active_lane.lane_instance.i_fma/sub_1_root_add_512/U29/ZN (NAND2_X1)
                                                          0.03       0.78 r
  gen_operation_groups[0].i_opgroup_block/gen_parallel_slices[2].active_format.i_fmt_slice/gen_num_lanes[0].active_lane.lane_instance.i_fma/sub_1_root_add_512/U6/ZN (AND3_X1)
                                                          0.05       0.83 r
  gen_operation_groups[0].i_opgroup_block/gen_parallel_slices[2].active_format.i_fmt_slice/gen_num_lanes[0].active_lane.lane_instance.i_fma/sub_1_root_add_512/U5/ZN (NAND2_X1)
                                                          0.03       0.86 f
  gen_operation_groups[0].i_opgroup_block/gen_parallel_slices[2].active_format.i_fmt_slice/gen_num_lanes[0].active_lane.lane_instance.i_fma/sub_1_root_add_512/U37/ZN (XNOR2_X1)
                                                          0.05       0.91 f
  gen_operation_groups[0].i_opgroup_block/gen_parallel_slices[2].active_format.i_fmt_slice/gen_num_lanes[0].active_lane.lane_instance.i_fma/sub_1_root_add_512/DIFF[6] (fpnew_fma_2_00000002_3__logic_Z_1yB___logic_Z_1yB__DW01_sub_4)
                                                          0.00       0.91 f
  gen_operation_groups[0].i_opgroup_block/gen_parallel_slices[2].active_format.i_fmt_slice/gen_num_lanes[0].active_lane.lane_instance.i_fma/U131/ZN (NAND3_X1)
                                                          0.04       0.95 r
  gen_operation_groups[0].i_opgroup_block/gen_parallel_slices[2].active_format.i_fmt_slice/gen_num_lanes[0].active_lane.lane_instance.i_fma/U129/ZN (AOI21_X1)
                                                          0.04       0.99 f
  gen_operation_groups[0].i_opgroup_block/gen_parallel_slices[2].active_format.i_fmt_slice/gen_num_lanes[0].active_lane.lane_instance.i_fma/U203/ZN (NAND2_X1)
                                                          0.04       1.02 r
  gen_operation_groups[0].i_opgroup_block/gen_parallel_slices[2].active_format.i_fmt_slice/gen_num_lanes[0].active_lane.lane_instance.i_fma/U382/ZN (INV_X1)
                                                          0.04       1.07 f
  gen_operation_groups[0].i_opgroup_block/gen_parallel_slices[2].active_format.i_fmt_slice/gen_num_lanes[0].active_lane.lane_instance.i_fma/U808/ZN (NAND3_X1)
                                                          0.04       1.11 r
  gen_operation_groups[0].i_opgroup_block/gen_parallel_slices[2].active_format.i_fmt_slice/gen_num_lanes[0].active_lane.lane_instance.i_fma/U809/ZN (OAI221_X1)
                                                          0.07       1.18 f
  gen_operation_groups[0].i_opgroup_block/gen_parallel_slices[2].active_format.i_fmt_slice/gen_num_lanes[0].active_lane.lane_instance.i_fma/U62/ZN (INV_X2)
                                                          0.07       1.26 r
  gen_operation_groups[0].i_opgroup_block/gen_parallel_slices[2].active_format.i_fmt_slice/gen_num_lanes[0].active_lane.lane_instance.i_fma/U11/ZN (NAND2_X1)
                                                          0.08       1.34 f
  gen_operation_groups[0].i_opgroup_block/gen_parallel_slices[2].active_format.i_fmt_slice/gen_num_lanes[0].active_lane.lane_instance.i_fma/U13/ZN (INV_X1)
                                                          0.07       1.41 r
  gen_operation_groups[0].i_opgroup_block/gen_parallel_slices[2].active_format.i_fmt_slice/gen_num_lanes[0].active_lane.lane_instance.i_fma/U66/ZN (NAND2_X2)
                                                          0.08       1.48 f
  gen_operation_groups[0].i_opgroup_block/gen_parallel_slices[2].active_format.i_fmt_slice/gen_num_lanes[0].active_lane.lane_instance.i_fma/U246/ZN (OAI211_X1)
                                                          0.18       1.66 r
  gen_operation_groups[0].i_opgroup_block/gen_parallel_slices[2].active_format.i_fmt_slice/gen_num_lanes[0].active_lane.lane_instance.i_fma/U903/ZN (NAND2_X1)
                                                          0.05       1.71 f
  gen_operation_groups[0].i_opgroup_block/gen_parallel_slices[2].active_format.i_fmt_slice/gen_num_lanes[0].active_lane.lane_instance.i_fma/U904/ZN (INV_X1)
                                                          0.03       1.75 r
  gen_operation_groups[0].i_opgroup_block/gen_parallel_slices[2].active_format.i_fmt_slice/gen_num_lanes[0].active_lane.lane_instance.i_fma/U909/ZN (OAI221_X1)
                                                          0.04       1.79 f
  gen_operation_groups[0].i_opgroup_block/gen_parallel_slices[2].active_format.i_fmt_slice/gen_num_lanes[0].active_lane.lane_instance.i_fma/U104/ZN (AOI211_X1)
                                                          0.08       1.87 r
  gen_operation_groups[0].i_opgroup_block/gen_parallel_slices[2].active_format.i_fmt_slice/gen_num_lanes[0].active_lane.lane_instance.i_fma/U120/ZN (OAI221_X1)
                                                          0.05       1.92 f
  gen_operation_groups[0].i_opgroup_block/gen_parallel_slices[2].active_format.i_fmt_slice/gen_num_lanes[0].active_lane.lane_instance.i_fma/U83/Z (BUF_X2)
                                                          0.06       1.98 f
  gen_operation_groups[0].i_opgroup_block/gen_parallel_slices[2].active_format.i_fmt_slice/gen_num_lanes[0].active_lane.lane_instance.i_fma/U1055/ZN (OAI211_X1)
                                                          0.05       2.04 r
  gen_operation_groups[0].i_opgroup_block/gen_parallel_slices[2].active_format.i_fmt_slice/gen_num_lanes[0].active_lane.lane_instance.i_fma/i_fpnew_rounding/abs_value_i[7] (fpnew_rounding_0000000f)
                                                          0.00       2.04 r
  gen_operation_groups[0].i_opgroup_block/gen_parallel_slices[2].active_format.i_fmt_slice/gen_num_lanes[0].active_lane.lane_instance.i_fma/i_fpnew_rounding/U31/ZN (AND2_X1)
                                                          0.05       2.08 r
  gen_operation_groups[0].i_opgroup_block/gen_parallel_slices[2].active_format.i_fmt_slice/gen_num_lanes[0].active_lane.lane_instance.i_fma/i_fpnew_rounding/U29/ZN (AND2_X1)
                                                          0.04       2.12 r
  gen_operation_groups[0].i_opgroup_block/gen_parallel_slices[2].active_format.i_fmt_slice/gen_num_lanes[0].active_lane.lane_instance.i_fma/i_fpnew_rounding/U28/ZN (AND2_X1)
                                                          0.05       2.17 r
  gen_operation_groups[0].i_opgroup_block/gen_parallel_slices[2].active_format.i_fmt_slice/gen_num_lanes[0].active_lane.lane_instance.i_fma/i_fpnew_rounding/U9/ZN (AND2_X1)
                                                          0.05       2.22 r
  gen_operation_groups[0].i_opgroup_block/gen_parallel_slices[2].active_format.i_fmt_slice/gen_num_lanes[0].active_lane.lane_instance.i_fma/i_fpnew_rounding/U5/ZN (AND2_X1)
                                                          0.05       2.27 r
  gen_operation_groups[0].i_opgroup_block/gen_parallel_slices[2].active_format.i_fmt_slice/gen_num_lanes[0].active_lane.lane_instance.i_fma/i_fpnew_rounding/U95/Z (XOR2_X1)
                                                          0.08       2.35 r
  gen_operation_groups[0].i_opgroup_block/gen_parallel_slices[2].active_format.i_fmt_slice/gen_num_lanes[0].active_lane.lane_instance.i_fma/i_fpnew_rounding/abs_rounded_o[10] (fpnew_rounding_0000000f)
                                                          0.00       2.35 r
  gen_operation_groups[0].i_opgroup_block/gen_parallel_slices[2].active_format.i_fmt_slice/gen_num_lanes[0].active_lane.lane_instance.i_fma/U1111/ZN (INV_X1)
                                                          0.03       2.37 f
  gen_operation_groups[0].i_opgroup_block/gen_parallel_slices[2].active_format.i_fmt_slice/gen_num_lanes[0].active_lane.lane_instance.i_fma/U1112/ZN (NOR3_X1)
                                                          0.06       2.44 r
  gen_operation_groups[0].i_opgroup_block/gen_parallel_slices[2].active_format.i_fmt_slice/gen_num_lanes[0].active_lane.lane_instance.i_fma/U1113/ZN (OAI21_X1)
                                                          0.04       2.47 f
  gen_operation_groups[0].i_opgroup_block/gen_parallel_slices[2].active_format.i_fmt_slice/gen_num_lanes[0].active_lane.lane_instance.i_fma/U1114/ZN (NAND2_X1)
                                                          0.04       2.51 r
  gen_operation_groups[0].i_opgroup_block/gen_parallel_slices[2].active_format.i_fmt_slice/gen_num_lanes[0].active_lane.lane_instance.i_fma/U103/ZN (AND2_X1)
                                                          0.04       2.55 r
  gen_operation_groups[0].i_opgroup_block/gen_parallel_slices[2].active_format.i_fmt_slice/gen_num_lanes[0].active_lane.lane_instance.i_fma/status_o[UF] (fpnew_fma_2_00000002_3__logic_Z_1yB___logic_Z_1yB_)
                                                          0.00       2.55 r
  gen_operation_groups[0].i_opgroup_block/gen_parallel_slices[2].active_format.i_fmt_slice/U40/ZN (AND2_X1)
                                                          0.04       2.58 r
  gen_operation_groups[0].i_opgroup_block/gen_parallel_slices[2].active_format.i_fmt_slice/status_o[UF] (fpnew_opgroup_fmt_slice_0_2_00000010_0_00000002_3__logic_Z_1yB_)
                                                          0.00       2.58 r
  gen_operation_groups[0].i_opgroup_block/i_arbiter/data_i[2][status][UF] (rr_arb_tree_00000005_1_346242)
                                                          0.00       2.58 r
  gen_operation_groups[0].i_opgroup_block/i_arbiter/U132/ZN (AOI22_X1)
                                                          0.03       2.61 f
  gen_operation_groups[0].i_opgroup_block/i_arbiter/U133/ZN (NAND2_X1)
                                                          0.03       2.64 r
  gen_operation_groups[0].i_opgroup_block/i_arbiter/data_o[status][UF] (rr_arb_tree_00000005_1_346242)
                                                          0.00       2.64 r
  gen_operation_groups[0].i_opgroup_block/status_o[UF] (fpnew_opgroup_block_0_00000010_0_04_4_155_3__logic_Z_1yB__395949)
                                                          0.00       2.64 r
  i_arbiter/data_i[0][status][UF] (rr_arb_tree_00000004_1_200242)
                                                          0.00       2.64 r
  i_arbiter/U100/ZN (AOI22_X1)                            0.03       2.67 f
  i_arbiter/U101/ZN (NAND2_X1)                            0.04       2.71 r
  i_arbiter/data_o[status][UF] (rr_arb_tree_00000004_1_200242)
                                                          0.00       2.71 r
  status_o[UF] (out)                                      0.02       2.73 r
  data arrival time                                                  2.73

  clock CLK_SYS (rise edge)                               3.30       3.30
  clock network delay (ideal)                             0.00       3.30
  clock uncertainty                                      -0.07       3.23
  output external delay                                  -0.50       2.73
  data required time                                                 2.73
  --------------------------------------------------------------------------
  data required time                                                 2.73
  data arrival time                                                 -2.73
  --------------------------------------------------------------------------
  slack (MET)                                                        0.00


1
