 
****************************************
Report : area
Design : fpnew_top
Version: S-2021.06-SP4
Date   : Thu Nov 30 20:29:25 2023
****************************************

Library(s) Used:

    NangateOpenCellLibrary (File: /eda/dk/nangate45/synopsys/NangateOpenCellLibrary_typical_ecsm_nowlm.db)

Number of ports:                         1985
Number of nets:                          4217
Number of cells:                         3228
Number of combinational cells:           2736
Number of sequential cells:               245
Number of macros/black boxes:               0
Number of buf/inv:                        683
Number of references:                      14

Combinational area:               3005.533995
Buf/Inv area:                      403.256001
Noncombinational area:            1303.400042
Macro/Black Box area:                0.000000
Net Interconnect area:      undefined  (Wire load has zero net area)

Total cell area:                  4308.934037
Total area:                 undefined
1
