 
****************************************
Report : area
Design : fpnew_top
Version: S-2021.06-SP4
Date   : Thu Nov 30 12:54:26 2023
****************************************

Library(s) Used:

    NangateOpenCellLibrary (File: /eda/dk/nangate45/synopsys/NangateOpenCellLibrary_typical_ecsm_nowlm.db)

Number of ports:                           96
Number of nets:                          3150
Number of cells:                         2876
Number of combinational cells:           2742
Number of sequential cells:               133
Number of macros/black boxes:               0
Number of buf/inv:                        451
Number of references:                      46

Combinational area:               3087.462001
Buf/Inv area:                      263.340001
Noncombinational area:             708.092023
Macro/Black Box area:                0.000000
Net Interconnect area:      undefined  (Wire load has zero net area)

Total cell area:                  3795.554024
Total area:                 undefined
1
